commit 42ef1d9ddef4a946ff5b3cb376a1737e44bbea00
Author: KuraiSN <david.monroy@soy.sena.edu.co>
Date:   Sat Oct 7 17:15:08 2023 -0500

    lista ordenada de 4 elementos agregada en el index

commit c299c248ad81f634a1c72fed554ee2e47803e428
Author: KuraiSN <david.monroy@soy.sena.edu.co>
Date:   Sat Oct 7 16:05:52 2023 -0500

    index and css styles

commit 816b7f44a368f9c278974f017db6cba666756764
Author: David Fernando Monroy Torres <139818766+KuraiSENA@users.noreply.github.com>
Date:   Sat Oct 7 15:04:07 2023 -0500

    Create LICENSE

commit 020f0015b69f3a96e788b5363ee8ae1ccd65e482
Author: KuraiSN <david.monroy@soy.sena.edu.co>
Date:   Sat Oct 7 14:59:29 2023 -0500

    add readme

commit e5b3a96ae54467479056d1ec6d35307a817e3b1f
Author: KuraiSN <david.monroy@soy.sena.edu.co>
Date:   Sat Oct 7 14:51:40 2023 -0500

    first commit
